<?xml version="1.0" encoding="UTF-8"?>
<!-- Generated by org.testng.reporters.JUnitReportReporter -->
<testsuite skipped="0" hostname="LAPTOP-T08AGNAM" name="runners.DemoBlazeRunner" tests="5" failures="0" timestamp="2023-03-17T13:11:29 IST" time="22.310" errors="0">
  <testcase name="runScenario" time="5.553" classname="runners.DemoBlazeRunner"/>
  <system-out/>
  <testcase name="runScenario" time="4.057" classname="runners.DemoBlazeRunner"/>
  <system-out/>
  <testcase name="runScenario" time="3.467" classname="runners.DemoBlazeRunner"/>
  <system-out/>
  <testcase name="runScenario" time="7.968" classname="runners.DemoBlazeRunner"/>
  <system-out/>
  <testcase name="runScenario" time="1.265" classname="runners.DemoBlazeRunner"/>
  <system-out/>
</testsuite> <!-- runners.DemoBlazeRunner -->
