<?xml version="1.0" encoding="UTF-8"?>
<!-- Generated by org.testng.reporters.JUnitReportReporter -->
<testsuite skipped="0" hostname="LAPTOP-T08AGNAM" name="runners.DemoBlazeRunner" tests="5" failures="0" timestamp="2023-03-17T14:55:08 IST" time="18.381" errors="0">
  <testcase name="runScenario" time="5.480" classname="runners.DemoBlazeRunner"/>
  <system-out/>
  <testcase name="runScenario" time="2.757" classname="runners.DemoBlazeRunner"/>
  <system-out/>
  <testcase name="runScenario" time="4.607" classname="runners.DemoBlazeRunner"/>
  <system-out/>
  <testcase name="runScenario" time="2.778" classname="runners.DemoBlazeRunner"/>
  <system-out/>
  <testcase name="runScenario" time="2.759" classname="runners.DemoBlazeRunner"/>
  <system-out/>
</testsuite> <!-- runners.DemoBlazeRunner -->
