<?xml version="1.0" encoding="UTF-8"?>
<!-- Generated by org.testng.reporters.JUnitReportReporter -->
<testsuite skipped="0" hostname="LAPTOP-T08AGNAM" name="runners.DemoBlazeRunner" tests="5" failures="0" timestamp="2023-03-17T14:43:41 IST" time="22.973" errors="0">
  <testcase name="runScenario" time="6.393" classname="runners.DemoBlazeRunner"/>
  <system-out/>
  <testcase name="runScenario" time="2.843" classname="runners.DemoBlazeRunner"/>
  <system-out/>
  <testcase name="runScenario" time="6.361" classname="runners.DemoBlazeRunner"/>
  <system-out/>
  <testcase name="runScenario" time="4.011" classname="runners.DemoBlazeRunner"/>
  <system-out/>
  <testcase name="runScenario" time="3.365" classname="runners.DemoBlazeRunner"/>
  <system-out/>
</testsuite> <!-- runners.DemoBlazeRunner -->
